22-Apr-2020 15:38:16.944 INFO [main] org.apache.catalina.startup.VersionLoggerListener.log Server version name:   Apache Tomcat/8.5.54
22-Apr-2020 15:38:16.947 INFO [main] org.apache.catalina.startup.VersionLoggerListener.log Server built:          Apr 3 2020 14:06:10 UTC
22-Apr-2020 15:38:16.948 INFO [main] org.apache.catalina.startup.VersionLoggerListener.log Server version number: 8.5.54.0
22-Apr-2020 15:38:16.948 INFO [main] org.apache.catalina.startup.VersionLoggerListener.log OS Name:               Mac OS X
22-Apr-2020 15:38:16.948 INFO [main] org.apache.catalina.startup.VersionLoggerListener.log OS Version:            10.15.4
22-Apr-2020 15:38:16.948 INFO [main] org.apache.catalina.startup.VersionLoggerListener.log Architecture:          x86_64
22-Apr-2020 15:38:16.948 INFO [main] org.apache.catalina.startup.VersionLoggerListener.log Java Home:             /Library/Java/JavaVirtualMachines/jdk1.8.0_231.jdk/Contents/Home/jre
22-Apr-2020 15:38:16.949 INFO [main] org.apache.catalina.startup.VersionLoggerListener.log JVM Version:           1.8.0_231-b11
22-Apr-2020 15:38:16.949 INFO [main] org.apache.catalina.startup.VersionLoggerListener.log JVM Vendor:            Oracle Corporation
22-Apr-2020 15:38:16.949 INFO [main] org.apache.catalina.startup.VersionLoggerListener.log CATALINA_BASE:         /Library/tomcat
22-Apr-2020 15:38:16.949 INFO [main] org.apache.catalina.startup.VersionLoggerListener.log CATALINA_HOME:         /Library/tomcat
22-Apr-2020 15:38:16.950 INFO [main] org.apache.catalina.startup.VersionLoggerListener.log Command line argument: -Djava.util.logging.config.file=/Library/tomcat/conf/logging.properties
22-Apr-2020 15:38:16.950 INFO [main] org.apache.catalina.startup.VersionLoggerListener.log Command line argument: -Djava.util.logging.manager=org.apache.juli.ClassLoaderLogManager
22-Apr-2020 15:38:16.950 INFO [main] org.apache.catalina.startup.VersionLoggerListener.log Command line argument: -Djdk.tls.ephemeralDHKeySize=2048
22-Apr-2020 15:38:16.950 INFO [main] org.apache.catalina.startup.VersionLoggerListener.log Command line argument: -Djava.protocol.handler.pkgs=org.apache.catalina.webresources
22-Apr-2020 15:38:16.950 INFO [main] org.apache.catalina.startup.VersionLoggerListener.log Command line argument: -Dorg.apache.catalina.security.SecurityListener.UMASK=0027
22-Apr-2020 15:38:16.950 INFO [main] org.apache.catalina.startup.VersionLoggerListener.log Command line argument: -Dignore.endorsed.dirs=
22-Apr-2020 15:38:16.950 INFO [main] org.apache.catalina.startup.VersionLoggerListener.log Command line argument: -Dcatalina.base=/Library/tomcat
22-Apr-2020 15:38:16.951 INFO [main] org.apache.catalina.startup.VersionLoggerListener.log Command line argument: -Dcatalina.home=/Library/tomcat
22-Apr-2020 15:38:16.951 INFO [main] org.apache.catalina.startup.VersionLoggerListener.log Command line argument: -Djava.io.tmpdir=/Library/tomcat/temp
22-Apr-2020 15:38:16.951 INFO [main] org.apache.catalina.core.AprLifecycleListener.lifecycleEvent The APR based Apache Tomcat Native library which allows optimal performance in production environments was not found on the java.library.path: [/Users/shubham/Library/Java/Extensions:/Library/Java/Extensions:/Network/Library/Java/Extensions:/System/Library/Java/Extensions:/usr/lib/java:.]
22-Apr-2020 15:38:17.100 INFO [main] org.apache.coyote.AbstractProtocol.init Initializing ProtocolHandler ["http-nio-8888"]
22-Apr-2020 15:38:17.114 INFO [main] org.apache.tomcat.util.net.NioSelectorPool.getSharedSelector Using a shared selector for servlet write/read
22-Apr-2020 15:38:17.129 INFO [main] org.apache.catalina.startup.Catalina.load Initialization processed in 707 ms
22-Apr-2020 15:38:17.166 INFO [main] org.apache.catalina.core.StandardService.startInternal Starting service [Catalina]
22-Apr-2020 15:38:17.166 INFO [main] org.apache.catalina.core.StandardEngine.startInternal Starting Servlet Engine: Apache Tomcat/8.5.54
22-Apr-2020 15:38:17.191 INFO [localhost-startStop-1] org.apache.catalina.startup.HostConfig.deployWAR Deploying web application archive [/Library/tomcat/webapps/test.war]
22-Apr-2020 15:38:17.586 INFO [localhost-startStop-1] org.apache.catalina.startup.HostConfig.deployWAR Deployment of web application archive [/Library/tomcat/webapps/test.war] has finished in [395] ms
22-Apr-2020 15:38:17.587 INFO [localhost-startStop-1] org.apache.catalina.startup.HostConfig.deployDirectory Deploying web application directory [/Library/tomcat/webapps/docs]
22-Apr-2020 15:38:17.613 INFO [localhost-startStop-1] org.apache.catalina.startup.HostConfig.deployDirectory Deployment of web application directory [/Library/tomcat/webapps/docs] has finished in [26] ms
22-Apr-2020 15:38:17.614 INFO [localhost-startStop-1] org.apache.catalina.startup.HostConfig.deployDirectory Deploying web application directory [/Library/tomcat/webapps/manager]
22-Apr-2020 15:38:17.651 INFO [localhost-startStop-1] org.apache.catalina.startup.HostConfig.deployDirectory Deployment of web application directory [/Library/tomcat/webapps/manager] has finished in [38] ms
22-Apr-2020 15:38:17.651 INFO [localhost-startStop-1] org.apache.catalina.startup.HostConfig.deployDirectory Deploying web application directory [/Library/tomcat/webapps/examples]
22-Apr-2020 15:38:18.040 INFO [localhost-startStop-1] org.apache.catalina.startup.HostConfig.deployDirectory Deployment of web application directory [/Library/tomcat/webapps/examples] has finished in [389] ms
22-Apr-2020 15:38:18.040 INFO [localhost-startStop-1] org.apache.catalina.startup.HostConfig.deployDirectory Deploying web application directory [/Library/tomcat/webapps/ROOT]
22-Apr-2020 15:38:18.075 INFO [localhost-startStop-1] org.apache.catalina.startup.HostConfig.deployDirectory Deployment of web application directory [/Library/tomcat/webapps/ROOT] has finished in [34] ms
22-Apr-2020 15:38:18.075 INFO [localhost-startStop-1] org.apache.catalina.startup.HostConfig.deployDirectory Deploying web application directory [/Library/tomcat/webapps/host-manager]
22-Apr-2020 15:38:18.098 INFO [localhost-startStop-1] org.apache.catalina.startup.HostConfig.deployDirectory Deployment of web application directory [/Library/tomcat/webapps/host-manager] has finished in [23] ms
22-Apr-2020 15:38:18.100 INFO [main] org.apache.coyote.AbstractProtocol.start Starting ProtocolHandler ["http-nio-8888"]
22-Apr-2020 15:38:18.108 INFO [main] org.apache.catalina.startup.Catalina.start Server startup in 978 ms
22-Apr-2020 15:43:32.260 INFO [http-nio-8888-exec-5] org.apache.catalina.startup.HostConfig.deployWAR Deploying web application archive [/Library/tomcat/webapps/xplore.war]
22-Apr-2020 15:43:32.309 INFO [http-nio-8888-exec-5] org.apache.catalina.startup.HostConfig.deployWAR Deployment of web application archive [/Library/tomcat/webapps/xplore.war] has finished in [50] ms
22-Apr-2020 15:48:25.432 INFO [http-nio-8888-exec-2] org.apache.catalina.startup.HostConfig.undeploy Undeploying context [/xplore]
22-Apr-2020 15:48:25.441 INFO [http-nio-8888-exec-12] org.apache.catalina.startup.HostConfig.deployWAR Deploying web application archive [/Library/tomcat/webapps/xplore.war]
22-Apr-2020 15:48:25.472 INFO [http-nio-8888-exec-12] org.apache.catalina.startup.HostConfig.deployWAR Deployment of web application archive [/Library/tomcat/webapps/xplore.war] has finished in [31] ms
22-Apr-2020 17:54:53.992 INFO [Thread-4] org.apache.coyote.AbstractProtocol.pause Pausing ProtocolHandler ["http-nio-8888"]
22-Apr-2020 17:54:54.017 INFO [Thread-4] org.apache.catalina.core.StandardService.stopInternal Stopping service [Catalina]
22-Apr-2020 17:54:54.060 INFO [Thread-4] org.apache.coyote.AbstractProtocol.stop Stopping ProtocolHandler ["http-nio-8888"]
22-Apr-2020 17:54:54.065 INFO [Thread-4] org.apache.coyote.AbstractProtocol.destroy Destroying ProtocolHandler ["http-nio-8888"]
