21-Apr-2020 15:36:45.975 INFO [http-nio-8888-exec-3] org.apache.catalina.core.ApplicationContext.log Manager: init: Associated with Deployer 'Catalina:type=Deployer,host=localhost'
21-Apr-2020 15:36:45.975 INFO [http-nio-8888-exec-3] org.apache.catalina.core.ApplicationContext.log Manager: init: Global resources are available
21-Apr-2020 15:36:45.976 INFO [http-nio-8888-exec-3] org.apache.catalina.core.ApplicationContext.log Manager: list: Listing contexts for virtual host 'localhost'
21-Apr-2020 15:36:45.981 INFO [http-nio-8888-exec-4] org.apache.catalina.core.ApplicationContext.log Manager: list: Listing contexts for virtual host 'localhost'
21-Apr-2020 15:36:45.984 INFO [http-nio-8888-exec-5] org.apache.catalina.core.ApplicationContext.log Manager: undeploy: Undeploying web application at '/test'
21-Apr-2020 15:36:46.511 INFO [http-nio-8888-exec-10] org.apache.catalina.core.ApplicationContext.log Manager: deploy: Deploying web application '/test'
21-Apr-2020 15:36:46.511 INFO [http-nio-8888-exec-10] org.apache.catalina.core.ApplicationContext.log Manager: Uploading WAR file to /Library/tomcat/webapps/test.war
21-Apr-2020 16:27:50.067 INFO [http-nio-8888-exec-14] org.apache.catalina.core.ApplicationContext.log Manager: list: Listing contexts for virtual host 'localhost'
21-Apr-2020 16:27:50.070 INFO [http-nio-8888-exec-15] org.apache.catalina.core.ApplicationContext.log Manager: list: Listing contexts for virtual host 'localhost'
21-Apr-2020 16:27:50.073 INFO [http-nio-8888-exec-16] org.apache.catalina.core.ApplicationContext.log Manager: undeploy: Undeploying web application at '/test'
21-Apr-2020 16:27:50.594 INFO [http-nio-8888-exec-12] org.apache.catalina.core.ApplicationContext.log Manager: deploy: Deploying web application '/test'
21-Apr-2020 16:27:50.594 INFO [http-nio-8888-exec-12] org.apache.catalina.core.ApplicationContext.log Manager: Uploading WAR file to /Library/tomcat/webapps/test.war
21-Apr-2020 16:35:16.424 INFO [http-nio-8888-exec-21] org.apache.catalina.core.ApplicationContext.log Manager: list: Listing contexts for virtual host 'localhost'
21-Apr-2020 16:35:16.426 INFO [http-nio-8888-exec-22] org.apache.catalina.core.ApplicationContext.log Manager: list: Listing contexts for virtual host 'localhost'
21-Apr-2020 16:35:16.428 INFO [http-nio-8888-exec-23] org.apache.catalina.core.ApplicationContext.log Manager: undeploy: Undeploying web application at '/test'
21-Apr-2020 16:35:16.946 INFO [http-nio-8888-exec-27] org.apache.catalina.core.ApplicationContext.log Manager: deploy: Deploying web application '/test'
21-Apr-2020 16:35:16.946 INFO [http-nio-8888-exec-27] org.apache.catalina.core.ApplicationContext.log Manager: Uploading WAR file to /Library/tomcat/webapps/test.war
21-Apr-2020 18:04:10.175 INFO [http-nio-8888-exec-6] org.apache.catalina.core.ApplicationContext.log Manager: init: Associated with Deployer 'Catalina:type=Deployer,host=localhost'
21-Apr-2020 18:04:10.176 INFO [http-nio-8888-exec-6] org.apache.catalina.core.ApplicationContext.log Manager: init: Global resources are available
21-Apr-2020 18:04:10.177 INFO [http-nio-8888-exec-6] org.apache.catalina.core.ApplicationContext.log Manager: list: Listing contexts for virtual host 'localhost'
21-Apr-2020 18:04:10.180 INFO [http-nio-8888-exec-6] org.apache.catalina.core.ApplicationContext.log Manager: list: Listing contexts for virtual host 'localhost'
21-Apr-2020 18:04:10.182 INFO [http-nio-8888-exec-7] org.apache.catalina.core.ApplicationContext.log Manager: undeploy: Undeploying web application at '/test'
21-Apr-2020 18:04:10.718 INFO [http-nio-8888-exec-11] org.apache.catalina.core.ApplicationContext.log Manager: deploy: Deploying web application '/test'
21-Apr-2020 18:04:10.718 INFO [http-nio-8888-exec-11] org.apache.catalina.core.ApplicationContext.log Manager: Uploading WAR file to /Library/tomcat/webapps/test.war
21-Apr-2020 18:08:23.692 INFO [http-nio-8888-exec-11] org.apache.catalina.core.ApplicationContext.log Manager: list: Listing contexts for virtual host 'localhost'
21-Apr-2020 18:08:23.694 INFO [http-nio-8888-exec-12] org.apache.catalina.core.ApplicationContext.log Manager: list: Listing contexts for virtual host 'localhost'
21-Apr-2020 18:08:23.696 INFO [http-nio-8888-exec-14] org.apache.catalina.core.ApplicationContext.log Manager: undeploy: Undeploying web application at '/test'
21-Apr-2020 18:08:24.215 INFO [http-nio-8888-exec-11] org.apache.catalina.core.ApplicationContext.log Manager: deploy: Deploying web application '/test'
21-Apr-2020 18:08:24.215 INFO [http-nio-8888-exec-11] org.apache.catalina.core.ApplicationContext.log Manager: Uploading WAR file to /Library/tomcat/webapps/test.war
